<?xml version="1.0" encoding="UTF-8"?>
<!-- Generated by org.testng.reporters.JUnitReportReporter -->
<testsuite skipped="2" hostname="SYS_1" name="com.TestCases.Tc_01_Login" tests="3" failures="0" timestamp="18 Jun 2018 05:36:00 GMT" time="33.361" errors="0">
  <testcase name="validatedateofbirth" time="33.361" classname="com.TestCases.Tc_01_Login"/>
  <testcase name="validatesearch" classname="com.TestCases.Tc_01_Login">
    <skipped/>
  </testcase> <!-- validatesearch -->
  <testcase name="validateSignin" classname="com.TestCases.Tc_01_Login">
    <skipped/>
  </testcase> <!-- validateSignin -->
</testsuite> <!-- com.TestCases.Tc_01_Login -->
