<?xml version="1.0" encoding="UTF-8"?>
<!-- Generated by org.testng.reporters.JUnitReportReporter -->
<testsuite skipped="0" hostname="tm15" name="com.TestCases.Tc_01_ValidateLoginCredentials" tests="1" failures="0" timestamp="18 Mar 2018 15:38:20 GMT" time="20.193" errors="0">
  <testcase name="Tc_01_ValidateLoginCredentials" time="20.193" classname="com.TestCases.Tc_01_ValidateLoginCredentials"/>
</testsuite> <!-- com.TestCases.Tc_01_ValidateLoginCredentials -->
