<?xml version="1.0" encoding="UTF-8"?>
<!-- Generated by org.testng.reporters.JUnitReportReporter -->
<testsuite skipped="0" hostname="LAPTOP-S1LVCJIH" name="com.TestCases.Tc_01_LoginTest" tests="1" failures="0" timestamp="29 Dec 2017 17:37:29 GMT" time="29.286" errors="0">
  <testcase name="sendMail" time="29.286" classname="com.TestCases.Tc_01_LoginTest"/>
</testsuite> <!-- com.TestCases.Tc_01_LoginTest -->
